{"/home/liam/code/Mira/senior-design-2020/data/methods/assignments.js": {"path":"/home/liam/code/Mira/senior-design-2020/data/methods/assignments.js","statementMap":{"0":{"start":{"line":1,"column":17},"end":{"line":1,"column":36}},"1":{"start":{"line":2,"column":23},"end":{"line":2,"column":54}},"2":{"start":{"line":3,"column":21},"end":{"line":3,"column":43}},"3":{"start":{"line":5,"column":0},"end":{"line":65,"column":1}},"4":{"start":{"line":7,"column":28},"end":{"line":17,"column":10}},"5":{"start":{"line":18,"column":27},"end":{"line":18,"column":53}},"6":{"start":{"line":19,"column":8},"end":{"line":19,"column":92}},"7":{"start":{"line":19,"column":31},"end":{"line":19,"column":92}},"8":{"start":{"line":20,"column":19},"end":{"line":20,"column":33}},"9":{"start":{"line":21,"column":8},"end":{"line":21,"column":43}},"10":{"start":{"line":25,"column":27},"end":{"line":25,"column":62}},"11":{"start":{"line":26,"column":8},"end":{"line":26,"column":74}},"12":{"start":{"line":26,"column":33},"end":{"line":26,"column":74}},"13":{"start":{"line":27,"column":8},"end":{"line":27,"column":25}},"14":{"start":{"line":31,"column":27},"end":{"line":31,"column":64}},"15":{"start":{"line":32,"column":8},"end":{"line":34,"column":9}},"16":{"start":{"line":33,"column":8},"end":{"line":33,"column":49}},"17":{"start":{"line":40,"column":8},"end":{"line":40,"column":62}},"18":{"start":{"line":44,"column":34},"end":{"line":54,"column":10}},"19":{"start":{"line":55,"column":8},"end":{"line":55,"column":85}},"20":{"start":{"line":55,"column":50},"end":{"line":55,"column":85}},"21":{"start":{"line":56,"column":8},"end":{"line":56,"column":44}},"22":{"start":{"line":61,"column":28},"end":{"line":61,"column":78}},"23":{"start":{"line":62,"column":8},"end":{"line":62,"column":86}},"24":{"start":{"line":62,"column":38},"end":{"line":62,"column":86}},"25":{"start":{"line":63,"column":8},"end":{"line":63,"column":26}}},"fnMap":{"0":{"name":"(anonymous_0)","decl":{"start":{"line":6,"column":4},"end":{"line":6,"column":5}},"loc":{"start":{"line":6,"column":39},"end":{"line":22,"column":5}},"line":6},"1":{"name":"(anonymous_1)","decl":{"start":{"line":24,"column":4},"end":{"line":24,"column":5}},"loc":{"start":{"line":24,"column":28},"end":{"line":28,"column":5}},"line":24},"2":{"name":"(anonymous_2)","decl":{"start":{"line":29,"column":4},"end":{"line":29,"column":5}},"loc":{"start":{"line":29,"column":30},"end":{"line":41,"column":5}},"line":29},"3":{"name":"(anonymous_3)","decl":{"start":{"line":43,"column":4},"end":{"line":43,"column":5}},"loc":{"start":{"line":43,"column":46},"end":{"line":58,"column":5}},"line":43},"4":{"name":"(anonymous_4)","decl":{"start":{"line":60,"column":4},"end":{"line":60,"column":5}},"loc":{"start":{"line":60,"column":51},"end":{"line":64,"column":5}},"line":60}},"branchMap":{"0":{"loc":{"start":{"line":19,"column":8},"end":{"line":19,"column":92}},"type":"if","locations":[{"start":{"line":19,"column":8},"end":{"line":19,"column":92}},{"start":{"line":19,"column":8},"end":{"line":19,"column":92}}],"line":19},"1":{"loc":{"start":{"line":26,"column":8},"end":{"line":26,"column":74}},"type":"if","locations":[{"start":{"line":26,"column":8},"end":{"line":26,"column":74}},{"start":{"line":26,"column":8},"end":{"line":26,"column":74}}],"line":26},"2":{"loc":{"start":{"line":32,"column":8},"end":{"line":34,"column":9}},"type":"if","locations":[{"start":{"line":32,"column":8},"end":{"line":34,"column":9}},{"start":{"line":32,"column":8},"end":{"line":34,"column":9}}],"line":32},"3":{"loc":{"start":{"line":55,"column":8},"end":{"line":55,"column":85}},"type":"if","locations":[{"start":{"line":55,"column":8},"end":{"line":55,"column":85}},{"start":{"line":55,"column":8},"end":{"line":55,"column":85}}],"line":55},"4":{"loc":{"start":{"line":62,"column":8},"end":{"line":62,"column":86}},"type":"if","locations":[{"start":{"line":62,"column":8},"end":{"line":62,"column":86}},{"start":{"line":62,"column":8},"end":{"line":62,"column":86}}],"line":62}},"s":{"0":1,"1":1,"2":1,"3":1,"4":3,"5":2,"6":2,"7":0,"8":2,"9":2,"10":6,"11":6,"12":1,"13":5,"14":3,"15":3,"16":1,"17":2,"18":1,"19":1,"20":0,"21":1,"22":2,"23":2,"24":1,"25":1},"f":{"0":3,"1":6,"2":3,"3":1,"4":2},"b":{"0":[0,2],"1":[1,5],"2":[1,2],"3":[0,1],"4":[1,1]},"_coverageSchema":"1a1c01bbd47fc00a2c39e90264f33305004495a9","hash":"b0180ca1c9580d52408d715ee199bbc5847c2952"}
,"/home/liam/code/Mira/senior-design-2020/data/methods/exercises.js": {"path":"/home/liam/code/Mira/senior-design-2020/data/methods/exercises.js","statementMap":{"0":{"start":{"line":1,"column":17},"end":{"line":1,"column":36}},"1":{"start":{"line":2,"column":21},"end":{"line":2,"column":50}},"2":{"start":{"line":4,"column":0},"end":{"line":49,"column":1}},"3":{"start":{"line":6,"column":26},"end":{"line":15,"column":10}},"4":{"start":{"line":16,"column":27},"end":{"line":16,"column":51}},"5":{"start":{"line":17,"column":8},"end":{"line":17,"column":90}},"6":{"start":{"line":17,"column":31},"end":{"line":17,"column":90}},"7":{"start":{"line":18,"column":19},"end":{"line":18,"column":33}},"8":{"start":{"line":19,"column":8},"end":{"line":19,"column":41}},"9":{"start":{"line":23,"column":25},"end":{"line":23,"column":58}},"10":{"start":{"line":24,"column":8},"end":{"line":24,"column":70}},"11":{"start":{"line":24,"column":31},"end":{"line":24,"column":70}},"12":{"start":{"line":25,"column":8},"end":{"line":25,"column":23}},"13":{"start":{"line":28,"column":25},"end":{"line":28,"column":51}},"14":{"start":{"line":29,"column":28},"end":{"line":38,"column":10}},"15":{"start":{"line":39,"column":8},"end":{"line":39,"column":77}},"16":{"start":{"line":39,"column":44},"end":{"line":39,"column":77}},"17":{"start":{"line":40,"column":8},"end":{"line":40,"column":42}},"18":{"start":{"line":43,"column":25},"end":{"line":43,"column":60}},"19":{"start":{"line":44,"column":8},"end":{"line":44,"column":78}},"20":{"start":{"line":44,"column":39},"end":{"line":44,"column":78}},"21":{"start":{"line":46,"column":8},"end":{"line":46,"column":47}}},"fnMap":{"0":{"name":"(anonymous_0)","decl":{"start":{"line":5,"column":4},"end":{"line":5,"column":5}},"loc":{"start":{"line":5,"column":35},"end":{"line":20,"column":5}},"line":5},"1":{"name":"(anonymous_1)","decl":{"start":{"line":22,"column":4},"end":{"line":22,"column":5}},"loc":{"start":{"line":22,"column":26},"end":{"line":26,"column":5}},"line":22},"2":{"name":"(anonymous_2)","decl":{"start":{"line":27,"column":4},"end":{"line":27,"column":5}},"loc":{"start":{"line":27,"column":41},"end":{"line":41,"column":5}},"line":27},"3":{"name":"(anonymous_3)","decl":{"start":{"line":42,"column":4},"end":{"line":42,"column":5}},"loc":{"start":{"line":42,"column":28},"end":{"line":47,"column":5}},"line":42}},"branchMap":{"0":{"loc":{"start":{"line":17,"column":8},"end":{"line":17,"column":90}},"type":"if","locations":[{"start":{"line":17,"column":8},"end":{"line":17,"column":90}},{"start":{"line":17,"column":8},"end":{"line":17,"column":90}}],"line":17},"1":{"loc":{"start":{"line":24,"column":8},"end":{"line":24,"column":70}},"type":"if","locations":[{"start":{"line":24,"column":8},"end":{"line":24,"column":70}},{"start":{"line":24,"column":8},"end":{"line":24,"column":70}}],"line":24},"2":{"loc":{"start":{"line":39,"column":8},"end":{"line":39,"column":77}},"type":"if","locations":[{"start":{"line":39,"column":8},"end":{"line":39,"column":77}},{"start":{"line":39,"column":8},"end":{"line":39,"column":77}}],"line":39},"3":{"loc":{"start":{"line":44,"column":8},"end":{"line":44,"column":78}},"type":"if","locations":[{"start":{"line":44,"column":8},"end":{"line":44,"column":78}},{"start":{"line":44,"column":8},"end":{"line":44,"column":78}}],"line":44}},"s":{"0":1,"1":1,"2":1,"3":2,"4":1,"5":1,"6":0,"7":1,"8":1,"9":5,"10":5,"11":1,"12":4,"13":1,"14":1,"15":1,"16":0,"17":1,"18":2,"19":2,"20":1,"21":1},"f":{"0":2,"1":5,"2":1,"3":2},"b":{"0":[0,1],"1":[1,4],"2":[0,1],"3":[1,1]},"_coverageSchema":"1a1c01bbd47fc00a2c39e90264f33305004495a9","hash":"8af6b76e38f2e1ed7b4d66589075eee4722034fb"}
,"/home/liam/code/Mira/senior-design-2020/data/methods/therapists.js": {"path":"/home/liam/code/Mira/senior-design-2020/data/methods/therapists.js","statementMap":{"0":{"start":{"line":1,"column":17},"end":{"line":1,"column":36}},"1":{"start":{"line":2,"column":20},"end":{"line":2,"column":49}},"2":{"start":{"line":3,"column":22},"end":{"line":3,"column":53}},"3":{"start":{"line":5,"column":0},"end":{"line":20,"column":1}},"4":{"start":{"line":7,"column":8},"end":{"line":7,"column":48}},"5":{"start":{"line":7,"column":26},"end":{"line":7,"column":48}},"6":{"start":{"line":8,"column":26},"end":{"line":8,"column":62}},"7":{"start":{"line":9,"column":36},"end":{"line":9,"column":82}},"8":{"start":{"line":10,"column":8},"end":{"line":10,"column":34}},"9":{"start":{"line":14,"column":8},"end":{"line":14,"column":48}},"10":{"start":{"line":14,"column":26},"end":{"line":14,"column":48}},"11":{"start":{"line":15,"column":26},"end":{"line":15,"column":69}},"12":{"start":{"line":16,"column":8},"end":{"line":16,"column":71}},"13":{"start":{"line":16,"column":31},"end":{"line":16,"column":71}},"14":{"start":{"line":17,"column":8},"end":{"line":17,"column":24}}},"fnMap":{"0":{"name":"(anonymous_0)","decl":{"start":{"line":6,"column":4},"end":{"line":6,"column":5}},"loc":{"start":{"line":6,"column":48},"end":{"line":11,"column":5}},"line":6},"1":{"name":"(anonymous_1)","decl":{"start":{"line":13,"column":4},"end":{"line":13,"column":5}},"loc":{"start":{"line":13,"column":36},"end":{"line":19,"column":5}},"line":13}},"branchMap":{"0":{"loc":{"start":{"line":7,"column":8},"end":{"line":7,"column":48}},"type":"if","locations":[{"start":{"line":7,"column":8},"end":{"line":7,"column":48}},{"start":{"line":7,"column":8},"end":{"line":7,"column":48}}],"line":7},"1":{"loc":{"start":{"line":14,"column":8},"end":{"line":14,"column":48}},"type":"if","locations":[{"start":{"line":14,"column":8},"end":{"line":14,"column":48}},{"start":{"line":14,"column":8},"end":{"line":14,"column":48}}],"line":14},"2":{"loc":{"start":{"line":16,"column":8},"end":{"line":16,"column":71}},"type":"if","locations":[{"start":{"line":16,"column":8},"end":{"line":16,"column":71}},{"start":{"line":16,"column":8},"end":{"line":16,"column":71}}],"line":16}},"s":{"0":1,"1":1,"2":1,"3":1,"4":4,"5":1,"6":3,"7":2,"8":2,"9":7,"10":1,"11":6,"12":6,"13":2,"14":4},"f":{"0":4,"1":7},"b":{"0":[1,3],"1":[1,6],"2":[2,4]},"_coverageSchema":"1a1c01bbd47fc00a2c39e90264f33305004495a9","hash":"7010627601ec75c7d864e15fb59a5c817c746ad1"}
,"/home/liam/code/Mira/senior-design-2020/data/models/assignment.js": {"path":"/home/liam/code/Mira/senior-design-2020/data/models/assignment.js","statementMap":{"0":{"start":{"line":1,"column":17},"end":{"line":1,"column":36}},"1":{"start":{"line":3,"column":25},"end":{"line":13,"column":2}},"2":{"start":{"line":15,"column":19},"end":{"line":15,"column":65}},"3":{"start":{"line":17,"column":0},"end":{"line":17,"column":29}}},"fnMap":{},"branchMap":{},"s":{"0":1,"1":1,"2":1,"3":1},"f":{},"b":{},"_coverageSchema":"1a1c01bbd47fc00a2c39e90264f33305004495a9","hash":"3c370f88f945edf7df8f90131001cc72d2de0cd3"}
,"/home/liam/code/Mira/senior-design-2020/data/models/exercise.js": {"path":"/home/liam/code/Mira/senior-design-2020/data/models/exercise.js","statementMap":{"0":{"start":{"line":1,"column":17},"end":{"line":1,"column":36}},"1":{"start":{"line":3,"column":23},"end":{"line":12,"column":2}},"2":{"start":{"line":14,"column":17},"end":{"line":14,"column":59}},"3":{"start":{"line":16,"column":0},"end":{"line":16,"column":27}}},"fnMap":{},"branchMap":{},"s":{"0":1,"1":1,"2":1,"3":1},"f":{},"b":{},"_coverageSchema":"1a1c01bbd47fc00a2c39e90264f33305004495a9","hash":"08f719ffb7def227450eccf047016943f78da636"}
,"/home/liam/code/Mira/senior-design-2020/data/models/patients.js": {"path":"/home/liam/code/Mira/senior-design-2020/data/models/patients.js","statementMap":{"0":{"start":{"line":1,"column":17},"end":{"line":1,"column":36}},"1":{"start":{"line":3,"column":22},"end":{"line":7,"column":2}},"2":{"start":{"line":9,"column":16},"end":{"line":9,"column":56}},"3":{"start":{"line":11,"column":0},"end":{"line":11,"column":26}}},"fnMap":{},"branchMap":{},"s":{"0":1,"1":1,"2":1,"3":1},"f":{},"b":{},"_coverageSchema":"1a1c01bbd47fc00a2c39e90264f33305004495a9","hash":"2b8d898696398a55094315288c3cd430febda6b9"}
,"/home/liam/code/Mira/senior-design-2020/data/models/therapists.js": {"path":"/home/liam/code/Mira/senior-design-2020/data/models/therapists.js","statementMap":{"0":{"start":{"line":1,"column":17},"end":{"line":1,"column":36}},"1":{"start":{"line":3,"column":24},"end":{"line":6,"column":2}},"2":{"start":{"line":8,"column":18},"end":{"line":8,"column":62}},"3":{"start":{"line":10,"column":0},"end":{"line":10,"column":28}}},"fnMap":{},"branchMap":{},"s":{"0":1,"1":1,"2":1,"3":1},"f":{},"b":{},"_coverageSchema":"1a1c01bbd47fc00a2c39e90264f33305004495a9","hash":"56034d1e2c2adefbd6cb5ee13546895ad280279a"}
}
