{"/home/liam/code/Mira/senior-design-2020/data/methods/assignments.js": {"path":"/home/liam/code/Mira/senior-design-2020/data/methods/assignments.js","statementMap":{"0":{"start":{"line":1,"column":17},"end":{"line":1,"column":36}},"1":{"start":{"line":2,"column":23},"end":{"line":2,"column":54}},"2":{"start":{"line":3,"column":21},"end":{"line":3,"column":43}},"3":{"start":{"line":5,"column":0},"end":{"line":62,"column":1}},"4":{"start":{"line":7,"column":28},"end":{"line":16,"column":10}},"5":{"start":{"line":17,"column":27},"end":{"line":17,"column":53}},"6":{"start":{"line":18,"column":8},"end":{"line":18,"column":92}},"7":{"start":{"line":18,"column":31},"end":{"line":18,"column":92}},"8":{"start":{"line":19,"column":19},"end":{"line":19,"column":33}},"9":{"start":{"line":20,"column":8},"end":{"line":20,"column":43}},"10":{"start":{"line":24,"column":27},"end":{"line":24,"column":62}},"11":{"start":{"line":25,"column":8},"end":{"line":25,"column":74}},"12":{"start":{"line":25,"column":33},"end":{"line":25,"column":74}},"13":{"start":{"line":26,"column":8},"end":{"line":26,"column":25}},"14":{"start":{"line":30,"column":27},"end":{"line":30,"column":64}},"15":{"start":{"line":31,"column":8},"end":{"line":33,"column":9}},"16":{"start":{"line":32,"column":8},"end":{"line":32,"column":49}},"17":{"start":{"line":39,"column":8},"end":{"line":39,"column":62}},"18":{"start":{"line":43,"column":8},"end":{"line":52,"column":10}},"19":{"start":{"line":53,"column":8},"end":{"line":53,"column":44}},"20":{"start":{"line":58,"column":28},"end":{"line":58,"column":78}},"21":{"start":{"line":59,"column":8},"end":{"line":59,"column":82}},"22":{"start":{"line":59,"column":34},"end":{"line":59,"column":82}},"23":{"start":{"line":60,"column":8},"end":{"line":60,"column":26}}},"fnMap":{"0":{"name":"(anonymous_0)","decl":{"start":{"line":6,"column":4},"end":{"line":6,"column":5}},"loc":{"start":{"line":6,"column":39},"end":{"line":21,"column":5}},"line":6},"1":{"name":"(anonymous_1)","decl":{"start":{"line":23,"column":4},"end":{"line":23,"column":5}},"loc":{"start":{"line":23,"column":28},"end":{"line":27,"column":5}},"line":23},"2":{"name":"(anonymous_2)","decl":{"start":{"line":28,"column":4},"end":{"line":28,"column":5}},"loc":{"start":{"line":28,"column":30},"end":{"line":40,"column":5}},"line":28},"3":{"name":"(anonymous_3)","decl":{"start":{"line":42,"column":4},"end":{"line":42,"column":5}},"loc":{"start":{"line":42,"column":46},"end":{"line":55,"column":5}},"line":42},"4":{"name":"(anonymous_4)","decl":{"start":{"line":57,"column":4},"end":{"line":57,"column":5}},"loc":{"start":{"line":57,"column":51},"end":{"line":61,"column":5}},"line":57}},"branchMap":{"0":{"loc":{"start":{"line":18,"column":8},"end":{"line":18,"column":92}},"type":"if","locations":[{"start":{"line":18,"column":8},"end":{"line":18,"column":92}},{"start":{"line":18,"column":8},"end":{"line":18,"column":92}}],"line":18},"1":{"loc":{"start":{"line":25,"column":8},"end":{"line":25,"column":74}},"type":"if","locations":[{"start":{"line":25,"column":8},"end":{"line":25,"column":74}},{"start":{"line":25,"column":8},"end":{"line":25,"column":74}}],"line":25},"2":{"loc":{"start":{"line":31,"column":8},"end":{"line":33,"column":9}},"type":"if","locations":[{"start":{"line":31,"column":8},"end":{"line":33,"column":9}},{"start":{"line":31,"column":8},"end":{"line":33,"column":9}}],"line":31},"3":{"loc":{"start":{"line":59,"column":8},"end":{"line":59,"column":82}},"type":"if","locations":[{"start":{"line":59,"column":8},"end":{"line":59,"column":82}},{"start":{"line":59,"column":8},"end":{"line":59,"column":82}}],"line":59}},"s":{"0":1,"1":1,"2":1,"3":1,"4":2,"5":2,"6":2,"7":0,"8":2,"9":2,"10":5,"11":5,"12":0,"13":5,"14":2,"15":2,"16":0,"17":2,"18":1,"19":1,"20":1,"21":1,"22":0,"23":1},"f":{"0":2,"1":5,"2":2,"3":1,"4":1},"b":{"0":[0,2],"1":[0,5],"2":[0,2],"3":[0,1]},"_coverageSchema":"1a1c01bbd47fc00a2c39e90264f33305004495a9","hash":"a8185e919cca2b7216f237f454e8ba469215fb5c"}
,"/home/liam/code/Mira/senior-design-2020/data/methods/exercises.js": {"path":"/home/liam/code/Mira/senior-design-2020/data/methods/exercises.js","statementMap":{"0":{"start":{"line":1,"column":17},"end":{"line":1,"column":36}},"1":{"start":{"line":2,"column":21},"end":{"line":2,"column":50}},"2":{"start":{"line":4,"column":0},"end":{"line":49,"column":1}},"3":{"start":{"line":6,"column":26},"end":{"line":15,"column":10}},"4":{"start":{"line":16,"column":27},"end":{"line":16,"column":51}},"5":{"start":{"line":17,"column":8},"end":{"line":17,"column":90}},"6":{"start":{"line":17,"column":31},"end":{"line":17,"column":90}},"7":{"start":{"line":18,"column":19},"end":{"line":18,"column":33}},"8":{"start":{"line":19,"column":8},"end":{"line":19,"column":41}},"9":{"start":{"line":23,"column":25},"end":{"line":23,"column":58}},"10":{"start":{"line":24,"column":8},"end":{"line":24,"column":70}},"11":{"start":{"line":24,"column":31},"end":{"line":24,"column":70}},"12":{"start":{"line":25,"column":8},"end":{"line":25,"column":23}},"13":{"start":{"line":28,"column":25},"end":{"line":28,"column":51}},"14":{"start":{"line":29,"column":28},"end":{"line":38,"column":10}},"15":{"start":{"line":39,"column":8},"end":{"line":39,"column":94}},"16":{"start":{"line":39,"column":31},"end":{"line":39,"column":94}},"17":{"start":{"line":40,"column":8},"end":{"line":40,"column":42}},"18":{"start":{"line":43,"column":25},"end":{"line":43,"column":60}},"19":{"start":{"line":44,"column":8},"end":{"line":44,"column":87}},"20":{"start":{"line":44,"column":27},"end":{"line":44,"column":87}},"21":{"start":{"line":46,"column":8},"end":{"line":46,"column":47}}},"fnMap":{"0":{"name":"(anonymous_0)","decl":{"start":{"line":5,"column":4},"end":{"line":5,"column":5}},"loc":{"start":{"line":5,"column":35},"end":{"line":20,"column":5}},"line":5},"1":{"name":"(anonymous_1)","decl":{"start":{"line":22,"column":4},"end":{"line":22,"column":5}},"loc":{"start":{"line":22,"column":26},"end":{"line":26,"column":5}},"line":22},"2":{"name":"(anonymous_2)","decl":{"start":{"line":27,"column":4},"end":{"line":27,"column":5}},"loc":{"start":{"line":27,"column":41},"end":{"line":41,"column":5}},"line":27},"3":{"name":"(anonymous_3)","decl":{"start":{"line":42,"column":4},"end":{"line":42,"column":5}},"loc":{"start":{"line":42,"column":28},"end":{"line":47,"column":5}},"line":42}},"branchMap":{"0":{"loc":{"start":{"line":17,"column":8},"end":{"line":17,"column":90}},"type":"if","locations":[{"start":{"line":17,"column":8},"end":{"line":17,"column":90}},{"start":{"line":17,"column":8},"end":{"line":17,"column":90}}],"line":17},"1":{"loc":{"start":{"line":24,"column":8},"end":{"line":24,"column":70}},"type":"if","locations":[{"start":{"line":24,"column":8},"end":{"line":24,"column":70}},{"start":{"line":24,"column":8},"end":{"line":24,"column":70}}],"line":24},"2":{"loc":{"start":{"line":39,"column":8},"end":{"line":39,"column":94}},"type":"if","locations":[{"start":{"line":39,"column":8},"end":{"line":39,"column":94}},{"start":{"line":39,"column":8},"end":{"line":39,"column":94}}],"line":39},"3":{"loc":{"start":{"line":44,"column":8},"end":{"line":44,"column":87}},"type":"if","locations":[{"start":{"line":44,"column":8},"end":{"line":44,"column":87}},{"start":{"line":44,"column":8},"end":{"line":44,"column":87}}],"line":44}},"s":{"0":1,"1":1,"2":1,"3":1,"4":1,"5":1,"6":0,"7":1,"8":1,"9":4,"10":4,"11":0,"12":4,"13":1,"14":1,"15":1,"16":0,"17":1,"18":1,"19":1,"20":0,"21":1},"f":{"0":1,"1":4,"2":1,"3":1},"b":{"0":[0,1],"1":[0,4],"2":[0,1],"3":[0,1]},"_coverageSchema":"1a1c01bbd47fc00a2c39e90264f33305004495a9","hash":"2b97fba07ab46b0d3d6c56d9eaeceb646e5b3bc4"}
,"/home/liam/code/Mira/senior-design-2020/data/methods/therapists.js": {"path":"/home/liam/code/Mira/senior-design-2020/data/methods/therapists.js","statementMap":{"0":{"start":{"line":1,"column":17},"end":{"line":1,"column":36}},"1":{"start":{"line":2,"column":20},"end":{"line":2,"column":49}},"2":{"start":{"line":3,"column":22},"end":{"line":3,"column":53}},"3":{"start":{"line":5,"column":0},"end":{"line":26,"column":1}},"4":{"start":{"line":7,"column":8},"end":{"line":13,"column":9}},"5":{"start":{"line":8,"column":30},"end":{"line":8,"column":66}},"6":{"start":{"line":9,"column":40},"end":{"line":9,"column":86}},"7":{"start":{"line":10,"column":12},"end":{"line":10,"column":38}},"8":{"start":{"line":12,"column":12},"end":{"line":12,"column":24}},"9":{"start":{"line":17,"column":8},"end":{"line":17,"column":48}},"10":{"start":{"line":17,"column":26},"end":{"line":17,"column":48}},"11":{"start":{"line":18,"column":8},"end":{"line":24,"column":9}},"12":{"start":{"line":19,"column":30},"end":{"line":19,"column":73}},"13":{"start":{"line":20,"column":12},"end":{"line":20,"column":75}},"14":{"start":{"line":20,"column":35},"end":{"line":20,"column":75}},"15":{"start":{"line":21,"column":12},"end":{"line":21,"column":28}},"16":{"start":{"line":23,"column":12},"end":{"line":23,"column":24}}},"fnMap":{"0":{"name":"(anonymous_0)","decl":{"start":{"line":6,"column":4},"end":{"line":6,"column":5}},"loc":{"start":{"line":6,"column":48},"end":{"line":14,"column":5}},"line":6},"1":{"name":"(anonymous_1)","decl":{"start":{"line":16,"column":4},"end":{"line":16,"column":5}},"loc":{"start":{"line":16,"column":36},"end":{"line":25,"column":5}},"line":16}},"branchMap":{"0":{"loc":{"start":{"line":17,"column":8},"end":{"line":17,"column":48}},"type":"if","locations":[{"start":{"line":17,"column":8},"end":{"line":17,"column":48}},{"start":{"line":17,"column":8},"end":{"line":17,"column":48}}],"line":17},"1":{"loc":{"start":{"line":20,"column":12},"end":{"line":20,"column":75}},"type":"if","locations":[{"start":{"line":20,"column":12},"end":{"line":20,"column":75}},{"start":{"line":20,"column":12},"end":{"line":20,"column":75}}],"line":20}},"s":{"0":1,"1":1,"2":1,"3":1,"4":6,"5":6,"6":2,"7":2,"8":4,"9":8,"10":2,"11":6,"12":6,"13":4,"14":0,"15":4,"16":2},"f":{"0":6,"1":8},"b":{"0":[2,6],"1":[0,4]},"_coverageSchema":"1a1c01bbd47fc00a2c39e90264f33305004495a9","hash":"c07777e66be29062a3073f431005c6feb5d0b2da"}
,"/home/liam/code/Mira/senior-design-2020/data/models/assignment.js": {"path":"/home/liam/code/Mira/senior-design-2020/data/models/assignment.js","statementMap":{"0":{"start":{"line":1,"column":17},"end":{"line":1,"column":36}},"1":{"start":{"line":3,"column":25},"end":{"line":12,"column":2}},"2":{"start":{"line":14,"column":19},"end":{"line":14,"column":65}},"3":{"start":{"line":16,"column":0},"end":{"line":16,"column":29}}},"fnMap":{},"branchMap":{},"s":{"0":1,"1":1,"2":1,"3":1},"f":{},"b":{},"_coverageSchema":"1a1c01bbd47fc00a2c39e90264f33305004495a9","hash":"1ff387672a04dd725d36c8a6e02d127ae6744b09"}
,"/home/liam/code/Mira/senior-design-2020/data/models/exercise.js": {"path":"/home/liam/code/Mira/senior-design-2020/data/models/exercise.js","statementMap":{"0":{"start":{"line":1,"column":17},"end":{"line":1,"column":36}},"1":{"start":{"line":3,"column":23},"end":{"line":12,"column":2}},"2":{"start":{"line":14,"column":17},"end":{"line":14,"column":59}},"3":{"start":{"line":16,"column":0},"end":{"line":16,"column":27}}},"fnMap":{},"branchMap":{},"s":{"0":1,"1":1,"2":1,"3":1},"f":{},"b":{},"_coverageSchema":"1a1c01bbd47fc00a2c39e90264f33305004495a9","hash":"08f719ffb7def227450eccf047016943f78da636"}
,"/home/liam/code/Mira/senior-design-2020/data/models/patients.js": {"path":"/home/liam/code/Mira/senior-design-2020/data/models/patients.js","statementMap":{"0":{"start":{"line":1,"column":17},"end":{"line":1,"column":36}},"1":{"start":{"line":3,"column":22},"end":{"line":7,"column":2}},"2":{"start":{"line":9,"column":16},"end":{"line":9,"column":56}},"3":{"start":{"line":11,"column":0},"end":{"line":11,"column":26}}},"fnMap":{},"branchMap":{},"s":{"0":1,"1":1,"2":1,"3":1},"f":{},"b":{},"_coverageSchema":"1a1c01bbd47fc00a2c39e90264f33305004495a9","hash":"2b8d898696398a55094315288c3cd430febda6b9"}
,"/home/liam/code/Mira/senior-design-2020/data/models/therapists.js": {"path":"/home/liam/code/Mira/senior-design-2020/data/models/therapists.js","statementMap":{"0":{"start":{"line":1,"column":17},"end":{"line":1,"column":36}},"1":{"start":{"line":3,"column":24},"end":{"line":6,"column":2}},"2":{"start":{"line":8,"column":18},"end":{"line":8,"column":62}},"3":{"start":{"line":10,"column":0},"end":{"line":10,"column":28}}},"fnMap":{},"branchMap":{},"s":{"0":1,"1":1,"2":1,"3":1},"f":{},"b":{},"_coverageSchema":"1a1c01bbd47fc00a2c39e90264f33305004495a9","hash":"56034d1e2c2adefbd6cb5ee13546895ad280279a"}
}
