TN:
SF:data/methods/assignments.js
FN:6,(anonymous_0)
FN:23,(anonymous_1)
FN:28,(anonymous_2)
FN:42,(anonymous_3)
FN:57,(anonymous_4)
FNF:5
FNH:5
FNDA:2,(anonymous_0)
FNDA:5,(anonymous_1)
FNDA:2,(anonymous_2)
FNDA:1,(anonymous_3)
FNDA:1,(anonymous_4)
DA:1,1
DA:2,1
DA:3,1
DA:5,1
DA:7,2
DA:17,2
DA:18,2
DA:19,2
DA:20,2
DA:24,5
DA:25,5
DA:26,5
DA:30,2
DA:31,2
DA:32,0
DA:39,2
DA:43,1
DA:53,1
DA:58,1
DA:59,1
DA:60,1
LF:21
LH:20
BRDA:18,0,0,0
BRDA:18,0,1,2
BRDA:25,1,0,0
BRDA:25,1,1,5
BRDA:31,2,0,0
BRDA:31,2,1,2
BRDA:59,3,0,0
BRDA:59,3,1,1
BRF:8
BRH:4
end_of_record
TN:
SF:data/methods/exercises.js
FN:5,(anonymous_0)
FN:22,(anonymous_1)
FN:27,(anonymous_2)
FN:42,(anonymous_3)
FNF:4
FNH:4
FNDA:1,(anonymous_0)
FNDA:4,(anonymous_1)
FNDA:1,(anonymous_2)
FNDA:1,(anonymous_3)
DA:1,1
DA:2,1
DA:4,1
DA:6,1
DA:16,1
DA:17,1
DA:18,1
DA:19,1
DA:23,4
DA:24,4
DA:25,4
DA:28,1
DA:29,1
DA:39,1
DA:40,1
DA:43,1
DA:44,1
DA:46,1
LF:18
LH:18
BRDA:17,0,0,0
BRDA:17,0,1,1
BRDA:24,1,0,0
BRDA:24,1,1,4
BRDA:39,2,0,0
BRDA:39,2,1,1
BRDA:44,3,0,0
BRDA:44,3,1,1
BRF:8
BRH:4
end_of_record
TN:
SF:data/methods/therapists.js
FN:6,(anonymous_0)
FN:16,(anonymous_1)
FNF:2
FNH:2
FNDA:6,(anonymous_0)
FNDA:8,(anonymous_1)
DA:1,1
DA:2,1
DA:3,1
DA:5,1
DA:7,6
DA:8,6
DA:9,2
DA:10,2
DA:12,4
DA:17,8
DA:18,6
DA:19,6
DA:20,4
DA:21,4
DA:23,2
LF:15
LH:15
BRDA:17,0,0,2
BRDA:17,0,1,6
BRDA:20,1,0,0
BRDA:20,1,1,4
BRF:4
BRH:3
end_of_record
TN:
SF:data/models/assignment.js
FNF:0
FNH:0
DA:1,1
DA:3,1
DA:14,1
DA:16,1
LF:4
LH:4
BRF:0
BRH:0
end_of_record
TN:
SF:data/models/exercise.js
FNF:0
FNH:0
DA:1,1
DA:3,1
DA:14,1
DA:16,1
LF:4
LH:4
BRF:0
BRH:0
end_of_record
TN:
SF:data/models/patients.js
FNF:0
FNH:0
DA:1,1
DA:3,1
DA:9,1
DA:11,1
LF:4
LH:4
BRF:0
BRH:0
end_of_record
TN:
SF:data/models/therapists.js
FNF:0
FNH:0
DA:1,1
DA:3,1
DA:8,1
DA:10,1
LF:4
LH:4
BRF:0
BRH:0
end_of_record
