TN:
SF:data/methods/assignments.js
FN:6,(anonymous_0)
FN:24,(anonymous_1)
FN:29,(anonymous_2)
FN:43,(anonymous_3)
FN:60,(anonymous_4)
FNF:5
FNH:5
FNDA:3,(anonymous_0)
FNDA:6,(anonymous_1)
FNDA:3,(anonymous_2)
FNDA:1,(anonymous_3)
FNDA:2,(anonymous_4)
DA:1,1
DA:2,1
DA:3,1
DA:5,1
DA:7,3
DA:18,2
DA:19,2
DA:20,2
DA:21,2
DA:25,6
DA:26,6
DA:27,5
DA:31,3
DA:32,3
DA:33,1
DA:40,2
DA:44,1
DA:55,1
DA:56,1
DA:61,2
DA:62,2
DA:63,1
LF:22
LH:22
BRDA:19,0,0,0
BRDA:19,0,1,2
BRDA:26,1,0,1
BRDA:26,1,1,5
BRDA:32,2,0,1
BRDA:32,2,1,2
BRDA:55,3,0,0
BRDA:55,3,1,1
BRDA:62,4,0,1
BRDA:62,4,1,1
BRF:10
BRH:8
end_of_record
TN:
SF:data/methods/exercises.js
FN:5,(anonymous_0)
FN:22,(anonymous_1)
FN:27,(anonymous_2)
FN:42,(anonymous_3)
FNF:4
FNH:4
FNDA:2,(anonymous_0)
FNDA:5,(anonymous_1)
FNDA:1,(anonymous_2)
FNDA:2,(anonymous_3)
DA:1,1
DA:2,1
DA:4,1
DA:6,2
DA:16,1
DA:17,1
DA:18,1
DA:19,1
DA:23,5
DA:24,5
DA:25,4
DA:28,1
DA:29,1
DA:39,1
DA:40,1
DA:43,2
DA:44,2
DA:46,1
LF:18
LH:18
BRDA:17,0,0,0
BRDA:17,0,1,1
BRDA:24,1,0,1
BRDA:24,1,1,4
BRDA:39,2,0,0
BRDA:39,2,1,1
BRDA:44,3,0,1
BRDA:44,3,1,1
BRF:8
BRH:6
end_of_record
TN:
SF:data/methods/therapists.js
FN:6,(anonymous_0)
FN:13,(anonymous_1)
FNF:2
FNH:2
FNDA:4,(anonymous_0)
FNDA:7,(anonymous_1)
DA:1,1
DA:2,1
DA:3,1
DA:5,1
DA:7,4
DA:8,3
DA:9,2
DA:10,2
DA:14,7
DA:15,6
DA:16,6
DA:17,4
LF:12
LH:12
BRDA:7,0,0,1
BRDA:7,0,1,3
BRDA:14,1,0,1
BRDA:14,1,1,6
BRDA:16,2,0,2
BRDA:16,2,1,4
BRF:6
BRH:6
end_of_record
TN:
SF:data/models/assignment.js
FNF:0
FNH:0
DA:1,1
DA:3,1
DA:15,1
DA:17,1
LF:4
LH:4
BRF:0
BRH:0
end_of_record
TN:
SF:data/models/exercise.js
FNF:0
FNH:0
DA:1,1
DA:3,1
DA:14,1
DA:16,1
LF:4
LH:4
BRF:0
BRH:0
end_of_record
TN:
SF:data/models/patients.js
FNF:0
FNH:0
DA:1,1
DA:3,1
DA:9,1
DA:11,1
LF:4
LH:4
BRF:0
BRH:0
end_of_record
TN:
SF:data/models/therapists.js
FNF:0
FNH:0
DA:1,1
DA:3,1
DA:8,1
DA:10,1
LF:4
LH:4
BRF:0
BRH:0
end_of_record
